<?xml version="1.0" encoding="UTF-8"?>
<testsuite xmlns:xsi="http://www.w3.org/2001/XMLSchema-instance" xsi:noNamespaceSchemaLocation="https://maven.apache.org/surefire/maven-surefire-plugin/xsd/surefire-test-report-3.0.xsd" version="3.0" name="train.pooyan.MultiThreadImportApplicationTests" time="12.658" tests="1" errors="0" skipped="0" failures="0">
  <properties>
[...]
</properties>
  <testcase name="contextLoads" classname="train.pooyan.MultiThreadImportApplicationTests" time="1.197">
    <system-out><![CDATA[18:05:31.218 [main] INFO org.springframework.test.context.support.AnnotationConfigContextLoaderUtils -- Could not detect default configuration classes for test class [train.pooyan.MultiThreadImportApplicationTests]: MultiThreadImportApplicationTests does not declare any static, non-private, non-final, nested classes annotated with @Configuration.
18:05:31.547 [main] INFO org.springframework.boot.test.context.SpringBootTestContextBootstrapper -- Found @SpringBootConfiguration train.pooyan.MultiThreadImportApplication for test class train.pooyan.MultiThreadImportApplicationTests

  .   ____          _            __ _ _
 /\\ / ___'_ __ _ _(_)_ __  __ _ \ \ \ \
( ( )\___ | '_ | '_| | '_ \/ _` | \ \ \ \
 \\/  ___)| |_)| | | | | || (_| |  ) ) ) )
  '  |____| .__|_| |_|_| |_\__, | / / / /
 =========|_|==============|___/=/_/_/_/

 :: Spring Boot ::                (v3.3.4)

2024-10-03T18:05:32.376+03:30  INFO 1512 --- [multi-thread-import] [           main] t.p.MultiThreadImportApplicationTests    : Starting MultiThreadImportApplicationTests using Java 21.0.3 with PID 1512 (started by ahpm in C:\Users\amirhosein\Documents\workspace-spring-tool-suite-4-4.24.0.RELEASE\multi-thread-import)
2024-10-03T18:05:32.378+03:30  INFO 1512 --- [multi-thread-import] [           main] t.p.MultiThreadImportApplicationTests    : No active profile set, falling back to 1 default profile: "default"
2024-10-03T18:05:34.398+03:30  INFO 1512 --- [multi-thread-import] [           main] .s.d.r.c.RepositoryConfigurationDelegate : Bootstrapping Spring Data JPA repositories in DEFAULT mode.
2024-10-03T18:05:34.568+03:30  INFO 1512 --- [multi-thread-import] [           main] .s.d.r.c.RepositoryConfigurationDelegate : Finished Spring Data repository scanning in 146 ms. Found 2 JPA repository interfaces.
2024-10-03T18:05:35.857+03:30  INFO 1512 --- [multi-thread-import] [           main] com.zaxxer.hikari.HikariDataSource       : HikariPool-1 - Starting...
2024-10-03T18:05:36.521+03:30  INFO 1512 --- [multi-thread-import] [           main] com.zaxxer.hikari.pool.HikariPool        : HikariPool-1 - Added connection conn0: url=jdbc:h2:mem:520122ff-7cd3-49cf-9d07-bd2aceb5efc6 user=SA
2024-10-03T18:05:36.527+03:30  INFO 1512 --- [multi-thread-import] [           main] com.zaxxer.hikari.HikariDataSource       : HikariPool-1 - Start completed.
2024-10-03T18:05:36.712+03:30  INFO 1512 --- [multi-thread-import] [           main] o.hibernate.jpa.internal.util.LogHelper  : HHH000204: Processing PersistenceUnitInfo [name: default]
2024-10-03T18:05:36.914+03:30  INFO 1512 --- [multi-thread-import] [           main] org.hibernate.Version                    : HHH000412: Hibernate ORM core version 6.5.3.Final
2024-10-03T18:05:37.001+03:30  INFO 1512 --- [multi-thread-import] [           main] o.h.c.internal.RegionFactoryInitiator    : HHH000026: Second-level cache disabled
2024-10-03T18:05:38.042+03:30  INFO 1512 --- [multi-thread-import] [           main] o.s.o.j.p.SpringPersistenceUnitInfo      : No LoadTimeWeaver setup: ignoring JPA class transformer
2024-10-03T18:05:39.936+03:30  INFO 1512 --- [multi-thread-import] [           main] o.h.e.t.j.p.i.JtaPlatformInitiator       : HHH000489: No JTA platform available (set 'hibernate.transaction.jta.platform' to enable JTA platform integration)
Hibernate: drop table if exists account cascade 
Hibernate: drop table if exists customer cascade 
Hibernate: drop sequence if exists account_seq
Hibernate: drop sequence if exists customer_seq
Hibernate: create sequence account_seq start with 1 increment by 50
Hibernate: create sequence customer_seq start with 1 increment by 50
Hibernate: create table account (open_date date, balance_limit bigint not null, customer_id bigint not null, id bigint not null, balance varchar(255), number varchar(255), type varchar(255), primary key (id))
Hibernate: create table customer (birth_date date, id bigint not null, address varchar(255), name varchar(255), national_id varchar(255), surname varchar(255), zip_code varchar(255), primary key (id))
2024-10-03T18:05:40.000+03:30  INFO 1512 --- [multi-thread-import] [           main] j.LocalContainerEntityManagerFactoryBean : Initialized JPA EntityManagerFactory for persistence unit 'default'
2024-10-03T18:05:40.007+03:30  INFO 1512 --- [multi-thread-import] [           main] f.a.AutowiredAnnotationBeanPostProcessor : Autowired annotation is not supported on static fields: private static train.pooyan.core.MyExecutorService train.pooyan.MultiThreadImportApplication.executorService
2024-10-03T18:05:40.007+03:30  INFO 1512 --- [multi-thread-import] [           main] f.a.AutowiredAnnotationBeanPostProcessor : Autowired annotation is not supported on static fields: private static train.pooyan.error.ErrorWriter train.pooyan.MultiThreadImportApplication.errorWriter
2024-10-03T18:05:40.960+03:30  WARN 1512 --- [multi-thread-import] [           main] JpaBaseConfiguration$JpaWebConfiguration : spring.jpa.open-in-view is enabled by default. Therefore, database queries may be performed during view rendering. Explicitly configure spring.jpa.open-in-view to disable this warning
2024-10-03T18:05:42.121+03:30  INFO 1512 --- [multi-thread-import] [           main] t.p.MultiThreadImportApplicationTests    : Started MultiThreadImportApplicationTests in 10.301 seconds (process running for 13.53)
]]></system-out>
    <system-err><![CDATA[WARNING: A Java agent has been loaded dynamically (C:\Users\amirhosein\.m2\repository\net\bytebuddy\byte-buddy-agent\1.14.19\byte-buddy-agent-1.14.19.jar)
WARNING: If a serviceability tool is in use, please run with -XX:+EnableDynamicAgentLoading to hide this warning
WARNING: If a serviceability tool is not in use, please run with -Djdk.instrument.traceUsage for more information
WARNING: Dynamic loading of agents will be disallowed by default in a future release
]]></system-err>
  </testcase>
</testsuite>